[debug] [2024-09-14T04:38:29.446Z] ----------------------------------------------------------------------
[debug] [2024-09-14T04:38:29.449Z] Command:       C:\Program Files\nodejs\node.exe C:\Users\pc\AppData\Roaming\npm\node_modules\firebase-tools\lib\bin\firebase.js init
[debug] [2024-09-14T04:38:29.449Z] CLI Version:   13.11.2
[debug] [2024-09-14T04:38:29.450Z] Platform:      win32
[debug] [2024-09-14T04:38:29.450Z] Node Version:  v20.16.0
[debug] [2024-09-14T04:38:29.450Z] Time:          Sat Sep 14 2024 10:08:29 GMT+0530 (India Standard Time)
[debug] [2024-09-14T04:38:29.450Z] ----------------------------------------------------------------------
[debug] 
[debug] [2024-09-14T04:38:29.454Z] >>> [apiv2][query] GET https://firebase-public.firebaseio.com/cli.json [none]
[debug] [2024-09-14T04:38:29.523Z] > command requires scopes: ["email","openid","https://www.googleapis.com/auth/cloudplatformprojects.readonly","https://www.googleapis.com/auth/firebase","https://www.googleapis.com/auth/cloud-platform"]
[debug] [2024-09-14T04:38:29.524Z] > authorizing via signed-in user (topeter44msg@gmail.com)
[info] 
     ######## #### ########  ######## ########     ###     ######  ########
     ##        ##  ##     ## ##       ##     ##  ##   ##  ##       ##
     ######    ##  ########  ######   ########  #########  ######  ######
     ##        ##  ##    ##  ##       ##     ## ##     ##       ## ##
     ##       #### ##     ## ######## ########  ##     ##  ######  ########

You're about to initialize a Firebase project in this directory:

  C:\Users\pc\OneDrive\Desktop\React\vfp\build_

[debug] [2024-09-14T04:38:30.216Z] <<< [apiv2][status] GET https://firebase-public.firebaseio.com/cli.json 200
[debug] [2024-09-14T04:38:30.219Z] <<< [apiv2][body] GET https://firebase-public.firebaseio.com/cli.json {"cloudBuildErrorAfter":1594252800000,"cloudBuildWarnAfter":1590019200000,"defaultNode10After":1594252800000,"minVersion":"3.0.5","node8DeploysDisabledAfter":1613390400000,"node8RuntimeDisabledAfter":1615809600000,"node8WarnAfter":1600128000000}
